Using pre-set license
Built from '2020.3/staging' branch; Version is '2020.3.26f1 (7298b473bc1a) revision 7510196'; Using compiler version '192528614'; Build Type 'Release'
OS: 'Windows 10  (10.0.19043) 64bit Professional' Language: 'en' Physical Memory: 16329 MB
BatchMode: 1, IsHumanControllingUs: 0, StartBugReporterOnCrash: 0, Is64bit: 1, IsPro: 0

COMMAND LINE ARGUMENTS:
D:\Program Files\Unity\Hub\Editor\2020.3.26f1\Editor\Unity.exe
-adb2
-batchMode
-noUpm
-name
AssetImportWorker0
-projectPath
D:/Documents/Projects/Agro-Prototype
-logFile
Logs/AssetImportWorker0.log
-srvPort
55805
Successfully changed project path to: D:/Documents/Projects/Agro-Prototype
D:/Documents/Projects/Agro-Prototype
Using Asset Import Pipeline V2.
Refreshing native plugins compatible for Editor in 58.26 ms, found 3 plugins.
Preloading 0 native plugins for Editor in 0.00 ms.
Initialize engine version: 2020.3.26f1 (7298b473bc1a)
[Subsystems] Discovering subsystems at path D:/Program Files/Unity/Hub/Editor/2020.3.26f1/Editor/Data/Resources/UnitySubsystems
[Subsystems] Discovering subsystems at path D:/Documents/Projects/Agro-Prototype/Assets
GfxDevice: creating device client; threaded=0
Direct3D:
    Version:  Direct3D 11.0 [level 11.1]
    Renderer: NVIDIA GeForce RTX 2060 SUPER (ID=0x1f06)
    Vendor:   
    VRAM:     8031 MB
    Driver:   30.0.15.1123
Initialize mono
Mono path[0] = 'D:/Program Files/Unity/Hub/Editor/2020.3.26f1/Editor/Data/Managed'
Mono path[1] = 'D:/Program Files/Unity/Hub/Editor/2020.3.26f1/Editor/Data/MonoBleedingEdge/lib/mono/unityjit'
Mono config path = 'D:/Program Files/Unity/Hub/Editor/2020.3.26f1/Editor/Data/MonoBleedingEdge/etc'
Using monoOptions --debugger-agent=transport=dt_socket,embedding=1,server=y,suspend=n,address=127.0.0.1:56444
Begin MonoManager ReloadAssembly
Registering precompiled unity dll's ...
Register platform support module: D:/Program Files/Unity/Hub/Editor/2020.3.26f1/Editor/Data/PlaybackEngines/WindowsStandaloneSupport/UnityEditor.WindowsStandalone.Extensions.dll
Registered in 0.001089 seconds.
Native extension for WindowsStandalone target not found
Refreshing native plugins compatible for Editor in 56.80 ms, found 3 plugins.
Preloading 0 native plugins for Editor in 0.00 ms.
Mono: successfully reloaded assembly
- Completed reload, in  0.590 seconds
Domain Reload Profiling:
	ReloadAssembly (590ms)
		BeginReloadAssembly (50ms)
			ExecutionOrderSort (0ms)
			DisableScriptedObjects (0ms)
			BackupInstance (0ms)
			ReleaseScriptingObjects (0ms)
			CreateAndSetChildDomain (1ms)
		EndReloadAssembly (473ms)
			LoadAssemblies (49ms)
			RebuildTransferFunctionScriptingTraits (0ms)
			SetupTypeCache (151ms)
			ReleaseScriptCaches (0ms)
			RebuildScriptCaches (33ms)
			SetupLoadedEditorAssemblies (184ms)
				LogAssemblyErrors (0ms)
				InitializePlatformSupportModulesInManaged (4ms)
				SetLoadedEditorAssemblies (0ms)
				RefreshPlugins (57ms)
				BeforeProcessingInitializeOnLoad (17ms)
				ProcessInitializeOnLoadAttributes (79ms)
				ProcessInitializeOnLoadMethodAttributes (27ms)
				AfterProcessingInitializeOnLoad (0ms)
				EditorAssembliesLoaded (0ms)
			ExecutionOrderSort2 (0ms)
			AwakeInstancesAfterBackupRestoration (0ms)
Platform modules already initialized, skipping
Registering precompiled user dll's ...
Registered in 0.006646 seconds.
Begin MonoManager ReloadAssembly
Native extension for WindowsStandalone target not found
Refreshing native plugins compatible for Editor in 89.23 ms, found 3 plugins.
Preloading 0 native plugins for Editor in 0.00 ms.
Mono: successfully reloaded assembly
- Completed reload, in  2.527 seconds
Domain Reload Profiling:
	ReloadAssembly (2527ms)
		BeginReloadAssembly (136ms)
			ExecutionOrderSort (0ms)
			DisableScriptedObjects (4ms)
			BackupInstance (0ms)
			ReleaseScriptingObjects (0ms)
			CreateAndSetChildDomain (18ms)
		EndReloadAssembly (2337ms)
			LoadAssemblies (97ms)
			RebuildTransferFunctionScriptingTraits (0ms)
			SetupTypeCache (389ms)
			ReleaseScriptCaches (1ms)
			RebuildScriptCaches (63ms)
			SetupLoadedEditorAssemblies (1658ms)
				LogAssemblyErrors (0ms)
				InitializePlatformSupportModulesInManaged (3ms)
				SetLoadedEditorAssemblies (0ms)
				RefreshPlugins (89ms)
				BeforeProcessingInitializeOnLoad (141ms)
				ProcessInitializeOnLoadAttributes (1401ms)
				ProcessInitializeOnLoadMethodAttributes (21ms)
				AfterProcessingInitializeOnLoad (2ms)
				EditorAssembliesLoaded (0ms)
			ExecutionOrderSort2 (0ms)
			AwakeInstancesAfterBackupRestoration (6ms)
Platform modules already initialized, skipping
========================================================================
Worker process is ready to serve import requests
Launched and connected shader compiler UnityShaderCompiler.exe after 0.08 seconds
Refreshing native plugins compatible for Editor in 0.74 ms, found 3 plugins.
Preloading 0 native plugins for Editor in 0.00 ms.
Unloading 2938 Unused Serialized files (Serialized files now loaded: 0)
System memory in use before: 125.6 MB.
System memory in use after: 125.8 MB.

Unloading 41 unused Assets to reduce memory usage. Loaded Objects now: 3360.
Total: 14.873800 ms (FindLiveObjects: 0.371200 ms CreateObjectMapping: 0.239900 ms MarkObjects: 14.161600 ms  DeleteObjects: 0.098700 ms)

AssetImportParameters requested are different than current active one (requested -> active):
  custom:framework-win-MediaFoundation: 216162199b28c13a410421893ffa2e32 -> 
  custom:video-decoder-ogg-theora: a1e56fd34408186e4bbccfd4996cb3dc -> 
  custom:container-muxer-webm: aa71ff27fc2769a1b78a27578f13a17b -> 
  custom:container-demuxer-webm: 4f35f7cbe854078d1ac9338744f61a02 -> 
  custom:container-demuxer-ogg: 62fdf1f143b41e24485cea50d1cbac27 -> 
  custom:video-encoder-webm-vp8: eb34c28f22e8b96e1ab97ce403110664 -> 
  custom:video-codec-MediaFoundation-h265: 746d11721c4dcdbdad8f713fa42b33f4 -> 
  custom:video-decoder-webm-vp8: 9c59270c3fd7afecdb556c50c9e8de78 -> 
  custom:audio-decoder-ogg-vorbis: bf7c407c2cedff20999df2af8eb42d56 -> 
  custom:audio-encoder-webm-vorbis: bf7c407c2cedff20999df2af8eb42d56 -> 
========================================================================
Received Import Request.
  path: Assets/Scripts/RelayManager.cs
  artifactKey: Guid(43174a0b3da2b714a8af3ee656751135) Importer(815301076,1909f56bfc062723c751e8b465ee728b)
Start importing Assets/Scripts/RelayManager.cs using Guid(43174a0b3da2b714a8af3ee656751135) Importer(815301076,1909f56bfc062723c751e8b465ee728b)  -> (artifact id: '40e647b38a387a626f8e04127518f86c') in 0.039318 seconds 
  Import took 0.044336 seconds .

========================================================================
Received Import Request.
  Time since last request: 274.470051 seconds.
  path: Assets/Scripts/RelayManager.cs
  artifactKey: Guid(43174a0b3da2b714a8af3ee656751135) Importer(815301076,1909f56bfc062723c751e8b465ee728b)
Start importing Assets/Scripts/RelayManager.cs using Guid(43174a0b3da2b714a8af3ee656751135) Importer(815301076,1909f56bfc062723c751e8b465ee728b)  -> (artifact id: '1c7dee26869c06c187db50238cb437f3') in 0.001946 seconds 
  Import took 0.007846 seconds .

========================================================================
Received Import Request.
  Time since last request: 393.710008 seconds.
  path: Assets/Scripts/RelayManager.cs
  artifactKey: Guid(43174a0b3da2b714a8af3ee656751135) Importer(815301076,1909f56bfc062723c751e8b465ee728b)
Start importing Assets/Scripts/RelayManager.cs using Guid(43174a0b3da2b714a8af3ee656751135) Importer(815301076,1909f56bfc062723c751e8b465ee728b)  -> (artifact id: '0a53d1d1768a54c80d5a0c6b2496ad11') in 0.002352 seconds 
  Import took 0.007859 seconds .

========================================================================
Received Import Request.
  Time since last request: 127.443805 seconds.
  path: Assets/Scripts/RelayManager.cs
  artifactKey: Guid(43174a0b3da2b714a8af3ee656751135) Importer(815301076,1909f56bfc062723c751e8b465ee728b)
Start importing Assets/Scripts/RelayManager.cs using Guid(43174a0b3da2b714a8af3ee656751135) Importer(815301076,1909f56bfc062723c751e8b465ee728b)  -> (artifact id: '226678911574da210a8966c20ceb7bb3') in 0.003625 seconds 
  Import took 0.040050 seconds .

========================================================================
Received Import Request.
  Time since last request: 30.262068 seconds.
  path: Assets/Scripts/RelayManager.cs
  artifactKey: Guid(43174a0b3da2b714a8af3ee656751135) Importer(815301076,1909f56bfc062723c751e8b465ee728b)
Start importing Assets/Scripts/RelayManager.cs using Guid(43174a0b3da2b714a8af3ee656751135) Importer(815301076,1909f56bfc062723c751e8b465ee728b)  -> (artifact id: 'c6c623cc7b074b91962b7449b24e2e3b') in 0.003308 seconds 
  Import took 0.007849 seconds .

========================================================================
Received Import Request.
  Time since last request: 117.690502 seconds.
  path: Assets/Scripts/RelayManager.cs
  artifactKey: Guid(43174a0b3da2b714a8af3ee656751135) Importer(815301076,1909f56bfc062723c751e8b465ee728b)
Start importing Assets/Scripts/RelayManager.cs using Guid(43174a0b3da2b714a8af3ee656751135) Importer(815301076,1909f56bfc062723c751e8b465ee728b)  -> (artifact id: 'eef1f7b7a51fbc45f5806b7df1962a24') in 0.002175 seconds 
  Import took 0.007366 seconds .

AssetImportWorkerClient::OnTransportError - code=2 error=End of file
